This is pdfTeX, Version 3.14159265-2.6-1.40.18 (TeX Live 2017) (preloaded format=pdflatex 2017.10.26)  19 OCT 2018 22:07
entering extended mode
 restricted \write18 enabled.
 file:line:error style messages enabled.
 %&-line parsing enabled.
**cvmpaper_for_review.tex
(./cvmpaper_for_review.tex
LaTeX2e <2017-04-15>
Babel <3.10> and hyphenation patterns for 84 language(s) loaded.
(/usr/local/texlive/2017/texmf-dist/tex/latex/base/article.cls
Document Class: article 2014/09/29 v1.4h Standard LaTeX document class
(/usr/local/texlive/2017/texmf-dist/tex/latex/base/size10.clo
File: size10.clo 2014/09/29 v1.4h Standard LaTeX file (size option)
)
\c@part=\count79
\c@section=\count80
\c@subsection=\count81
\c@subsubsection=\count82
\c@paragraph=\count83
\c@subparagraph=\count84
\c@figure=\count85
\c@table=\count86
\abovecaptionskip=\skip41
\belowcaptionskip=\skip42
\bibindent=\dimen102
) (./cvm.sty
(./eso-pic.sty
Package: eso-pic 2002/11/16 v1.1b eso-pic (RN)
 (./cvm_eso.sty

LaTeX Warning: You have requested package `eso-pic',
               but the package provides `everyshi'.

Package: everyshi 2001/05/15 v3.00 EveryShipout Package (MS)
) (/usr/local/texlive/2017/texmf-dist/tex/latex/graphics/keyval.sty
Package: keyval 2014/10/28 v1.15 key=value parser (DPC)
\KV@toks@=\toks14
))
(/usr/local/texlive/2017/texmf-dist/tex/latex/tools/xspace.sty
Package: xspace 2014/10/28 v1.13 Space after command names (DPC,MH)
)
cvm 8.5 x 11-Inch Proceedings Style `cvm.sty'.
\@ctmp=\skip43
\@figindent=\skip44
\cvmrulerbox=\box26
\cvmrulercount=\count87
\cvmruleroffset=\dimen103
\cv@lineheight=\dimen104
\cv@boxheight=\dimen105
\cv@tmpbox=\box27
\cv@refno=\count88
\cv@tot=\count89
\cv@tmpc@=\count90
\cv@tmpc=\count91
) (/usr/local/texlive/2017/texmf-dist/tex/latex/psnfss/times.sty
Package: times 2005/04/12 PSNFSS-v9.2a (SPQR) 
)
(/usr/local/texlive/2017/texmf-dist/tex/latex/graphics/epsfig.sty
Package: epsfig 1999/02/16 v1.7a (e)psfig emulation (SPQR)

(/usr/local/texlive/2017/texmf-dist/tex/latex/graphics/graphicx.sty
Package: graphicx 2014/10/28 v1.0g Enhanced LaTeX Graphics (DPC,SPQR)

(/usr/local/texlive/2017/texmf-dist/tex/latex/graphics/graphics.sty
Package: graphics 2017/04/14 v1.1b Standard LaTeX Graphics (DPC,SPQR)

(/usr/local/texlive/2017/texmf-dist/tex/latex/graphics/trig.sty
Package: trig 2016/01/03 v1.10 sin cos tan (DPC)
)
(/usr/local/texlive/2017/texmf-dist/tex/latex/graphics-cfg/graphics.cfg
File: graphics.cfg 2016/06/04 v1.11 sample graphics configuration
)
Package graphics Info: Driver file: pdftex.def on input line 99.

(/usr/local/texlive/2017/texmf-dist/tex/latex/graphics-def/pdftex.def
File: pdftex.def 2017/01/12 v0.06k Graphics/color for pdfTeX

(/usr/local/texlive/2017/texmf-dist/tex/generic/oberdiek/infwarerr.sty
Package: infwarerr 2016/05/16 v1.4 Providing info/warning/error messages (HO)
)
(/usr/local/texlive/2017/texmf-dist/tex/generic/oberdiek/ltxcmds.sty
Package: ltxcmds 2016/05/16 v1.23 LaTeX kernel commands for general use (HO)
)
\Gread@gobject=\count92
))
\Gin@req@height=\dimen106
\Gin@req@width=\dimen107
)
\epsfxsize=\dimen108
\epsfysize=\dimen109
)
(/usr/local/texlive/2017/texmf-dist/tex/latex/amsmath/amsmath.sty
Package: amsmath 2016/11/05 v2.16a AMS math features
\@mathmargin=\skip45

For additional information on amsmath, use the `?' option.
(/usr/local/texlive/2017/texmf-dist/tex/latex/amsmath/amstext.sty
Package: amstext 2000/06/29 v2.01 AMS text

(/usr/local/texlive/2017/texmf-dist/tex/latex/amsmath/amsgen.sty
File: amsgen.sty 1999/11/30 v2.0 generic functions
\@emptytoks=\toks15
\ex@=\dimen110
))
(/usr/local/texlive/2017/texmf-dist/tex/latex/amsmath/amsbsy.sty
Package: amsbsy 1999/11/29 v1.2d Bold Symbols
\pmbraise@=\dimen111
)
(/usr/local/texlive/2017/texmf-dist/tex/latex/amsmath/amsopn.sty
Package: amsopn 2016/03/08 v2.02 operator names
)
\inf@bad=\count93
LaTeX Info: Redefining \frac on input line 213.
\uproot@=\count94
\leftroot@=\count95
LaTeX Info: Redefining \overline on input line 375.
\classnum@=\count96
\DOTSCASE@=\count97
LaTeX Info: Redefining \ldots on input line 472.
LaTeX Info: Redefining \dots on input line 475.
LaTeX Info: Redefining \cdots on input line 596.
\Mathstrutbox@=\box28
\strutbox@=\box29
\big@size=\dimen112
LaTeX Font Info:    Redeclaring font encoding OML on input line 712.
LaTeX Font Info:    Redeclaring font encoding OMS on input line 713.
\macc@depth=\count98
\c@MaxMatrixCols=\count99
\dotsspace@=\muskip10
\c@parentequation=\count100
\dspbrk@lvl=\count101
\tag@help=\toks16
\row@=\count102
\column@=\count103
\maxfields@=\count104
\andhelp@=\toks17
\eqnshift@=\dimen113
\alignsep@=\dimen114
\tagshift@=\dimen115
\tagwidth@=\dimen116
\totwidth@=\dimen117
\lineht@=\dimen118
\@envbody=\toks18
\multlinegap=\skip46
\multlinetaggap=\skip47
\mathdisplay@stack=\toks19
LaTeX Info: Redefining \[ on input line 2817.
LaTeX Info: Redefining \] on input line 2818.
)
(/usr/local/texlive/2017/texmf-dist/tex/latex/amsfonts/amssymb.sty
Package: amssymb 2013/01/14 v3.01 AMS font symbols

(/usr/local/texlive/2017/texmf-dist/tex/latex/amsfonts/amsfonts.sty
Package: amsfonts 2013/01/14 v3.01 Basic AMSFonts support
\symAMSa=\mathgroup4
\symAMSb=\mathgroup5
LaTeX Font Info:    Overwriting math alphabet `\mathfrak' in version `bold'
(Font)                  U/euf/m/n --> U/euf/b/n on input line 106.
))
(/usr/local/texlive/2017/texmf-dist/tex/latex/caption/subcaption.sty
Package: subcaption 2016/05/22 v1.1-161 Sub-captions (AR)

(/usr/local/texlive/2017/texmf-dist/tex/latex/caption/caption.sty
Package: caption 2016/02/21 v3.3-144 Customizing captions (AR)

(/usr/local/texlive/2017/texmf-dist/tex/latex/caption/caption3.sty
Package: caption3 2016/05/22 v1.7-166 caption3 kernel (AR)
Package caption3 Info: TeX engine: e-TeX on input line 67.
\captionmargin=\dimen119
\captionmargin@=\dimen120
\captionwidth=\dimen121
\caption@tempdima=\dimen122
\caption@indent=\dimen123
\caption@parindent=\dimen124
\caption@hangindent=\dimen125
Package caption Info: Unknown document class (or package),
(caption)             standard defaults will be used.
)

Package caption Warning: Unsupported document class (or package) detected,
(caption)                usage of the caption package is not recommended.
See the caption package documentation for explanation.

Package caption Info: \@makecaption = \long macro:#1#2-> \setbox \@tempboxa \hb
ox {\small \noindent #1.~#2} \setlength {\@ctmp }{\hsize } \addtolength {\@ctmp
 }{-\@figindent }\addtolength {\@ctmp }{-\@figindent } \ifdim \wd \@tempboxa >\
@ctmp {\small #1.~#2\par } \else \hbox to\hsize {\hfil \box \@tempboxa \hfil } 
\fi .
\c@ContinuedFloat=\count105
)
\c@subfigure=\count106
\c@subtable=\count107
) (/usr/local/texlive/2017/texmf-dist/tex/latex/tools/multicol.sty
Package: multicol 2017/04/11 v1.8q multicolumn formatting (FMi)
\c@tracingmulticols=\count108


Package multicol Warning: May not work with the twocolumn option on input line 
134.

\mult@box=\box30
\multicol@leftmargin=\dimen126
\c@unbalance=\count109
\c@collectmore=\count110
\doublecol@number=\count111
\multicoltolerance=\count112
\multicolpretolerance=\count113
\full@width=\dimen127
\page@free=\dimen128
\premulticols=\dimen129
\postmulticols=\dimen130
\multicolsep=\skip48
\multicolbaselineskip=\skip49
\partial@page=\box31
\last@line=\box32
\maxbalancingoverflow=\dimen131
\mult@rightbox=\box33
\mult@grightbox=\box34
\mult@gfirstbox=\box35
\mult@firstbox=\box36
\@tempa=\box37
\@tempa=\box38
\@tempa=\box39
\@tempa=\box40
\@tempa=\box41
\@tempa=\box42
\@tempa=\box43
\@tempa=\box44
\@tempa=\box45
\@tempa=\box46
\@tempa=\box47
\@tempa=\box48
\@tempa=\box49
\@tempa=\box50
\@tempa=\box51
\@tempa=\box52
\@tempa=\box53
\c@columnbadness=\count114
\c@finalcolumnbadness=\count115
\last@try=\dimen132
\multicolovershoot=\dimen133
\multicolundershoot=\dimen134
\mult@nat@firstbox=\box54
\colbreak@box=\box55
\mc@col@check@num=\count116
) (/usr/local/texlive/2017/texmf-dist/tex/latex/floatrow/floatrow.sty
Package: floatrow 2008/08/02 v0.3b floatrow: float package extension
\c@float@type=\count117
\float@exts=\toks20
\float@box=\box56
\@floatcapt=\box57
Package floatrow Info: Modified float package code loaded on input line 455.
Package floatrow Info: Modified rotfloat package code loaded on input line 473.

\FR@everyfloat=\toks21
\flrow@foot=\insert199
\FB@wd=\dimen135
\FBo@wd=\dimen136
\FBc@wd=\dimen137
\FBo@ht=\skip50
\FBc@ht=\skip51
\FBf@ht=\skip52
\FBo@max=\skip53
\FBc@max=\skip54
\FBf@max=\skip55
\c@FBl@b=\count118
\floatbox@depth=\count119
\c@FRobj=\count120
\c@FRsobj=\count121
\Xhsize=\skip56
\sXhsize=\skip57
\Zhsize=\skip58
\sZhsize=\skip59
\flrow@rowbox=\box58
\FR@Zunitlength=\dimen138
\c@FBcnt=\count122
\FPOScnt=\count123
\LTleft=\skip60
\LTright=\skip61
\LTleft=\skip62
\LTright=\skip63
\flrow@types=\toks22
)
(/usr/local/texlive/2017/texmf-dist/tex/latex/yhmath/yhmath.sty
Package: yhmath 
LaTeX Font Info:    Redeclaring symbol font `largesymbols' on input line 12.
LaTeX Font Info:    Overwriting symbol font `largesymbols' in version `normal'
(Font)                  OMX/cmex/m/n --> OMX/yhex/m/n on input line 12.
LaTeX Font Info:    Overwriting symbol font `largesymbols' in version `bold'
(Font)                  OMX/cmex/m/n --> OMX/yhex/m/n on input line 12.
LaTeX Font Info:    Redeclaring math accent \widetilde on input line 13.
LaTeX Font Info:    Redeclaring math accent \widehat on input line 14.
)
(/usr/local/texlive/2017/texmf-dist/tex/latex/hyperref/hyperref.sty
Package: hyperref 2017/03/14 v6.85a Hypertext links for LaTeX

(/usr/local/texlive/2017/texmf-dist/tex/generic/oberdiek/hobsub-hyperref.sty
Package: hobsub-hyperref 2016/05/16 v1.14 Bundle oberdiek, subset hyperref (HO)


(/usr/local/texlive/2017/texmf-dist/tex/generic/oberdiek/hobsub-generic.sty
Package: hobsub-generic 2016/05/16 v1.14 Bundle oberdiek, subset generic (HO)
Package: hobsub 2016/05/16 v1.14 Construct package bundles (HO)
Package hobsub Info: Skipping package `infwarerr' (already loaded).
Package hobsub Info: Skipping package `ltxcmds' (already loaded).
Package: ifluatex 2016/05/16 v1.4 Provides the ifluatex switch (HO)
Package ifluatex Info: LuaTeX not detected.
Package: ifvtex 2016/05/16 v1.6 Detect VTeX and its facilities (HO)
Package ifvtex Info: VTeX not detected.
Package: intcalc 2016/05/16 v1.2 Expandable calculations with integers (HO)
Package: ifpdf 2017/03/15 v3.2 Provides the ifpdf switch
Package: etexcmds 2016/05/16 v1.6 Avoid name clashes with e-TeX commands (HO)
Package etexcmds Info: Could not find \expanded.
(etexcmds)             That can mean that you are not using pdfTeX 1.50 or
(etexcmds)             that some package has redefined \expanded.
(etexcmds)             In the latter case, load this package earlier.
Package: kvsetkeys 2016/05/16 v1.17 Key value parser (HO)
Package: kvdefinekeys 2016/05/16 v1.4 Define keys (HO)
Package: pdftexcmds 2017/03/19 v0.25 Utility functions of pdfTeX for LuaTeX (HO
)
Package pdftexcmds Info: LuaTeX not detected.
Package pdftexcmds Info: \pdf@primitive is available.
Package pdftexcmds Info: \pdf@ifprimitive is available.
Package pdftexcmds Info: \pdfdraftmode found.
Package: pdfescape 2016/05/16 v1.14 Implements pdfTeX's escape features (HO)
Package: bigintcalc 2016/05/16 v1.4 Expandable calculations on big integers (HO
)
Package: bitset 2016/05/16 v1.2 Handle bit-vector datatype (HO)
Package: uniquecounter 2016/05/16 v1.3 Provide unlimited unique counter (HO)
)
Package hobsub Info: Skipping package `hobsub' (already loaded).
Package: letltxmacro 2016/05/16 v1.5 Let assignment for LaTeX macros (HO)
Package: hopatch 2016/05/16 v1.3 Wrapper for package hooks (HO)
Package: xcolor-patch 2016/05/16 xcolor patch
Package: atveryend 2016/05/16 v1.9 Hooks at the very end of document (HO)
Package atveryend Info: \enddocument detected (standard20110627).
Package: atbegshi 2016/06/09 v1.18 At begin shipout hook (HO)
Package: refcount 2016/05/16 v3.5 Data extraction from label references (HO)
Package: hycolor 2016/05/16 v1.8 Color options for hyperref/bookmark (HO)
)
(/usr/local/texlive/2017/texmf-dist/tex/generic/ifxetex/ifxetex.sty
Package: ifxetex 2010/09/12 v0.6 Provides ifxetex conditional
)
(/usr/local/texlive/2017/texmf-dist/tex/latex/oberdiek/auxhook.sty
Package: auxhook 2016/05/16 v1.4 Hooks for auxiliary files (HO)
)
(/usr/local/texlive/2017/texmf-dist/tex/latex/oberdiek/kvoptions.sty
Package: kvoptions 2016/05/16 v3.12 Key value format for package options (HO)
)
\@linkdim=\dimen139
\Hy@linkcounter=\count124
\Hy@pagecounter=\count125

(/usr/local/texlive/2017/texmf-dist/tex/latex/hyperref/pd1enc.def
File: pd1enc.def 2017/03/14 v6.85a Hyperref: PDFDocEncoding definition (HO)
)
\Hy@SavedSpaceFactor=\count126

(/usr/local/texlive/2017/texmf-dist/tex/latex/latexconfig/hyperref.cfg
File: hyperref.cfg 2002/06/06 v1.2 hyperref configuration of TeXLive
)
Package hyperref Info: Option `breaklinks' set `true' on input line 4374.


Package hyperref Warning: Option `letterpaper' is no longer used.

Package hyperref Info: Option `colorlinks' set `true' on input line 4374.
Package hyperref Info: Option `bookmarks' set `false' on input line 4374.
Package hyperref Info: Hyper figures OFF on input line 4498.
Package hyperref Info: Link nesting OFF on input line 4503.
Package hyperref Info: Hyper index ON on input line 4506.
Package hyperref Info: Plain pages OFF on input line 4513.
Package hyperref Info: Backreferencing ON on input line 4516.
Package hyperref Info: Implicit mode ON; LaTeX internals redefined.
Package hyperref Info: Bookmarks OFF on input line 4757.
(/usr/local/texlive/2017/texmf-dist/tex/latex/hyperref/backref.sty
Package: backref 2016/05/21 v1.39 Bibliographical back referencing

(/usr/local/texlive/2017/texmf-dist/tex/latex/oberdiek/rerunfilecheck.sty
Package: rerunfilecheck 2016/05/16 v1.8 Rerun checks for auxiliary files (HO)
Package uniquecounter Info: New unique counter `rerunfilecheck' on input line 2
82.
))
\c@Hy@tempcnt=\count127

(/usr/local/texlive/2017/texmf-dist/tex/latex/url/url.sty
\Urlmuskip=\muskip11
Package: url 2013/09/16  ver 3.4  Verb mode for urls, etc.
)
LaTeX Info: Redefining \url on input line 5104.
\XeTeXLinkMargin=\dimen140
\Fld@menulength=\count128
\Field@Width=\dimen141
\Fld@charsize=\dimen142
Package hyperref Info: Hyper figures OFF on input line 6358.
Package hyperref Info: Link nesting OFF on input line 6363.
Package hyperref Info: Hyper index ON on input line 6366.
Package hyperref Info: backreferencing ON on input line 6371.
Package hyperref Info: Link coloring ON on input line 6376.
Package hyperref Info: Link coloring with OCG OFF on input line 6383.
Package hyperref Info: PDF/A mode OFF on input line 6388.
LaTeX Info: Redefining \ref on input line 6428.
LaTeX Info: Redefining \pageref on input line 6432.
\Hy@abspage=\count129
\c@Item=\count130
\c@Hfootnote=\count131
)

Package hyperref Message: Driver (autodetected): hpdftex.

(/usr/local/texlive/2017/texmf-dist/tex/latex/hyperref/hpdftex.def
File: hpdftex.def 2017/03/14 v6.85a Hyperref driver for pdfTeX
\Fld@listcount=\count132
\c@bookmark@seq@number=\count133
\Hy@SectionHShift=\skip64
)
(./cvmpaper_for_review.aux)
\openout1 = `cvmpaper_for_review.aux'.

LaTeX Font Info:    Checking defaults for OML/cmm/m/it on input line 29.
LaTeX Font Info:    ... okay on input line 29.
LaTeX Font Info:    Checking defaults for T1/cmr/m/n on input line 29.
LaTeX Font Info:    ... okay on input line 29.
LaTeX Font Info:    Checking defaults for OT1/cmr/m/n on input line 29.
LaTeX Font Info:    ... okay on input line 29.
LaTeX Font Info:    Checking defaults for OMS/cmsy/m/n on input line 29.
LaTeX Font Info:    ... okay on input line 29.
LaTeX Font Info:    Checking defaults for OMX/cmex/m/n on input line 29.
LaTeX Font Info:    ... okay on input line 29.
LaTeX Font Info:    Checking defaults for U/cmr/m/n on input line 29.
LaTeX Font Info:    ... okay on input line 29.
LaTeX Font Info:    Checking defaults for PD1/pdf/m/n on input line 29.
LaTeX Font Info:    ... okay on input line 29.
LaTeX Font Info:    Try loading font information for OT1+ptm on input line 29.

(/usr/local/texlive/2017/texmf-dist/tex/latex/psnfss/ot1ptm.fd
File: ot1ptm.fd 2001/06/04 font definitions for OT1/ptm.
)
ABD: EveryShipout initializing macros
(/usr/local/texlive/2017/texmf-dist/tex/latex/graphics/color.sty
Package: color 2016/07/10 v1.1e Standard LaTeX Color (DPC)

(/usr/local/texlive/2017/texmf-dist/tex/latex/graphics-cfg/color.cfg
File: color.cfg 2016/01/02 v1.6 sample color configuration
)
Package color Info: Driver file: pdftex.def on input line 147.
)
(/usr/local/texlive/2017/texmf-dist/tex/context/base/mkii/supp-pdf.mkii
[Loading MPS to PDF converter (version 2006.09.02).]
\scratchcounter=\count134
\scratchdimen=\dimen143
\scratchbox=\box59
\nofMPsegments=\count135
\nofMParguments=\count136
\everyMPshowfont=\toks23
\MPscratchCnt=\count137
\MPscratchDim=\dimen144
\MPnumerator=\count138
\makeMPintoPDFobject=\count139
\everyMPtoPDFconversion=\toks24
) (/usr/local/texlive/2017/texmf-dist/tex/latex/oberdiek/epstopdf-base.sty
Package: epstopdf-base 2016/05/15 v2.6 Base part for package epstopdf

(/usr/local/texlive/2017/texmf-dist/tex/latex/oberdiek/grfext.sty
Package: grfext 2016/05/16 v1.2 Manage graphics extensions (HO)
)
Package epstopdf-base Info: Redefining graphics rule for `.eps' on input line 4
38.
Package grfext Info: Graphics extension search list:
(grfext)             [.png,.pdf,.jpg,.mps,.jpeg,.jbig2,.jb2,.PNG,.PDF,.JPG,.JPE
G,.JBIG2,.JB2,.eps]
(grfext)             \AppendGraphicsExtensions on input line 456.

(/usr/local/texlive/2017/texmf-dist/tex/latex/latexconfig/epstopdf-sys.cfg
File: epstopdf-sys.cfg 2010/07/13 v1.3 Configuration of (r)epstopdf for TeX Liv
e
))
Package caption Info: Begin \AtBeginDocument code.
Package caption Info: floatrow package is loaded.
Package caption Info: float package is loaded.
Package caption Info: floatrow package is loaded.
Package caption Info: hyperref package is loaded.
Package caption Info: End \AtBeginDocument code.
\AtBeginShipoutBox=\box60
Package atbegshi Info: Package `everyshi' patched.
Package hyperref Info: Link coloring ON on input line 29.

(/usr/local/texlive/2017/texmf-dist/tex/latex/hyperref/nameref.sty
Package: nameref 2016/05/21 v2.44 Cross-referencing by name of section

(/usr/local/texlive/2017/texmf-dist/tex/generic/oberdiek/gettitlestring.sty
Package: gettitlestring 2016/05/16 v1.5 Cleanup title references (HO)
)
\c@section@level=\count140
)
LaTeX Info: Redefining \ref on input line 29.
LaTeX Info: Redefining \pageref on input line 29.
LaTeX Info: Redefining \nameref on input line 29.
LaTeX Font Info:    Font shape `OT1/ptm/bx/n' in size <14.4> not available
(Font)              Font shape `OT1/ptm/b/n' tried instead on input line 52.
LaTeX Font Info:    Try loading font information for OMX+yhex on input line 52.


(/usr/local/texlive/2017/texmf-dist/tex/latex/yhmath/OMXyhex.fd
File: OMXyhex.fd 
File: OMXyhex.fd 2013/07/03 v1.1 YH's humble contribution to TeX maths (NP)
)
LaTeX Font Info:    External font `yhcmex10' loaded for size
(Font)              <12> on input line 52.
LaTeX Font Info:    External font `yhcmex10' loaded for size
(Font)              <8> on input line 52.
LaTeX Font Info:    External font `yhcmex10' loaded for size
(Font)              <6> on input line 52.
LaTeX Font Info:    Try loading font information for U+msa on input line 52.

(/usr/local/texlive/2017/texmf-dist/tex/latex/amsfonts/umsa.fd
File: umsa.fd 2013/01/14 v3.01 AMS symbols A
)
LaTeX Font Info:    Try loading font information for U+msb on input line 52.

(/usr/local/texlive/2017/texmf-dist/tex/latex/amsfonts/umsb.fd
File: umsb.fd 2013/01/14 v3.01 AMS symbols B
)
LaTeX Font Info:    Font shape `OT1/ptm/bx/n' in size <10> not available
(Font)              Font shape `OT1/ptm/b/n' tried instead on input line 54.
LaTeX Font Info:    External font `yhcmex10' loaded for size
(Font)              <10> on input line 62.
LaTeX Font Info:    External font `yhcmex10' loaded for size
(Font)              <7> on input line 62.
LaTeX Font Info:    External font `yhcmex10' loaded for size
(Font)              <5> on input line 62.

Underfull \hbox (badness 1365) in paragraph at lines 62--63
[]\OT1/ptm/m/n/10 We de-velop an ef-fi-cient sketch-guided and ODE-
 []


LaTeX Warning: Reference `related_work' on page 1 undefined on input line 66.


LaTeX Warning: Reference `system_overview' on page 1 undefined on input line 66
.


LaTeX Warning: Reference `primitive_deformer' on page 1 undefined on input line
 66.


LaTeX Warning: Reference `detail_generator' on page 1 undefined on input line 6
6.


LaTeX Warning: Reference `conclusions_and_future_work' on page 1 undefined on i
nput line 66.


LaTeX Warning: Citation `igarashi1999teddy' on page 1 undefined on input line 6
9.


LaTeX Warning: Citation `Karpenko:2006:SFS:1141911.1141928' on page 1 undefined
 on input line 69.


LaTeX Warning: Citation `nealen2007fibermesh' on page 1 undefined on input line
 69.


LaTeX Warning: Citation `igarashi1999teddy' on page 1 undefined on input line 6
9.


LaTeX Warning: Citation `nealen2007fibermesh' on page 1 undefined on input line
 69.


LaTeX Warning: Citation `nealen2007fibermesh' on page 1 undefined on input line
 69.


LaTeX Warning: Citation `williams1997stochastic' on page 1 undefined on input l
ine 69.


Underfull \hbox (badness 1629) in paragraph at lines 69--71
[]\OT1/ptm/m/n/10 Over the past two decades, sketch-based-modelling
 []


LaTeX Warning: Citation `shtof2013geosemantic' on page 1 undefined on input lin
e 72.


LaTeX Warning: Citation `chen20133' on page 1 undefined on input line 72.


LaTeX Warning: Citation `shtof2013geosemantic' on page 1 undefined on input lin
e 72.


LaTeX Warning: Citation `chen20133' on page 1 undefined on input line 72.


LaTeX Warning: Citation `gingold2009structured' on page 1 undefined on input li
ne 72.

[1{/usr/local/texlive/2017/texmf-var/fonts/map/pdftex/updmap/pdftex.map}


]

LaTeX Warning: Citation `draper2003gestural' on page 2 undefined on input line 
75.


LaTeX Warning: Citation `kho2005sketching' on page 2 undefined on input line 75
.


LaTeX Warning: Citation `kho2005sketching' on page 2 undefined on input line 75
.


LaTeX Warning: Citation `lipman2004differential' on page 2 undefined on input l
ine 75.


LaTeX Warning: Citation `nealen2007sketch' on page 2 undefined on input line 75
.


LaTeX Warning: Citation `SBM:SBM07:023-030' on page 2 undefined on input line 7
5.


LaTeX Warning: Reference `fig:system_overview' on page 2 undefined on input lin
e 79.

<./figure/female_warrior_original_sketch.jpg, id=17, 236.3229pt x 570.6921pt>
File: ./figure/female_warrior_original_sketch.jpg Graphic file (type jpg)

<use ./figure/female_warrior_original_sketch.jpg>
Package pdftex.def Info: ./figure/female_warrior_original_sketch.jpg used on in
put line 85.
(pdftex.def)             Requested size: 68.83118pt x 166.2212pt.

<./figure/female_warrior_extract_contour.jpg, id=18, 334.24875pt x 788.9475pt>
File: ./figure/female_warrior_extract_contour.jpg Graphic file (type jpg)

<use ./figure/female_warrior_extract_contour.jpg>
Package pdftex.def Info: ./figure/female_warrior_extract_contour.jpg used on in
put line 89.
(pdftex.def)             Requested size: 70.41872pt x 166.2212pt.

<./figure/primitives_before_deformation.jpg, id=19, 305.14pt x 722.7pt>
File: ./figure/primitives_before_deformation.jpg Graphic file (type jpg)

<use ./figure/primitives_before_deformation.jpg>
Package pdftex.def Info: ./figure/primitives_before_deformation.jpg used on inp
ut line 93.
(pdftex.def)             Requested size: 70.18071pt x 166.2212pt.

<./figure/primitives_after_deformation_without_blending.jpg, id=20, 280.04625pt
 x 722.7pt>
File: ./figure/primitives_after_deformation_without_blending.jpg Graphic file (
type jpg)
 <use ./figure/primitives_after_deformation_without_blending.jpg>
Package pdftex.def Info: ./figure/primitives_after_deformation_without_blending
.jpg used on input line 98.
(pdftex.def)             Requested size: 64.40927pt x 166.2212pt.

<./figure/primitives_after_deformation_and_lattice.jpg, id=21, 243.91125pt x 68
7.56876pt>
File: ./figure/primitives_after_deformation_and_lattice.jpg Graphic file (type 
jpg)
 <use ./figure/primitives_after_deformation_and_lattice.jpg>
Package pdftex.def Info: ./figure/primitives_after_deformation_and_lattice.jpg 
used on input line 102.
(pdftex.def)             Requested size: 58.96417pt x 166.2212pt.

<./figure/final_shot.jpg, id=22, 259.97125pt x 688.5725pt>
File: ./figure/final_shot.jpg Graphic file (type jpg)

<use ./figure/final_shot.jpg>
Package pdftex.def Info: ./figure/final_shot.jpg used on input line 106.
(pdftex.def)             Requested size: 62.75536pt x 166.2212pt.
Missing character: There is no © in font ptmr7t!
Missing character: There is no © in font ptmr7t!


LaTeX Warning: Reference `fig:system_overview' on page 2 undefined on input lin
e 113.


LaTeX Warning: Reference `fig:system_overview' on page 2 undefined on input lin
e 113.


LaTeX Warning: Hyper reference `fig:reference_image' on page 2 undefined on inp
ut line 113.


LaTeX Warning: Reference `sub@fig:reference_image' on page 2 undefined on input
 line 113.


LaTeX Warning: Reference `fig:system_overview' on page 2 undefined on input lin
e 113.


LaTeX Warning: Hyper reference `fig:extract_contour' on page 2 undefined on inp
ut line 113.


LaTeX Warning: Reference `sub@fig:extract_contour' on page 2 undefined on input
 line 113.


LaTeX Warning: Reference `fig:system_overview' on page 2 undefined on input lin
e 113.


LaTeX Warning: Hyper reference `fig:superellipsoid_primitives' on page 2 undefi
ned on input line 113.


LaTeX Warning: Reference `sub@fig:superellipsoid_primitives' on page 2 undefine
d on input line 113.


LaTeX Warning: Reference `fig:system_overview' on page 2 undefined on input lin
e 113.


LaTeX Warning: Hyper reference `fig:primitives_after_deformation' on page 2 und
efined on input line 113.


LaTeX Warning: Reference `sub@fig:primitives_after_deformation' on page 2 undef
ined on input line 113.


LaTeX Warning: Reference `fig:system_overview' on page 2 undefined on input lin
e 114.


LaTeX Warning: Hyper reference `fig:blending_body_parts' on page 2 undefined on
 input line 114.


LaTeX Warning: Reference `sub@fig:blending_body_parts' on page 2 undefined on i
nput line 114.


LaTeX Warning: Reference `fig:system_overview' on page 2 undefined on input lin
e 114.


LaTeX Warning: Hyper reference `fig:final_shot' on page 2 undefined on input li
ne 114.


LaTeX Warning: Reference `sub@fig:final_shot' on page 2 undefined on input line
 114.


Underfull \hbox (badness 1546) in paragraph at lines 78--116
\OT1/ptm/m/n/10 The mod-el-ing pro-cess us-ing our de-vel-oped sys-tem is
 []


Underfull \vbox (badness 10000) has occurred while \output is active []



LaTeX Warning: `h' float specifier changed to `ht'.


LaTeX Warning: Reference `fig:system_overview' on page 2 undefined on input lin
e 117.


LaTeX Warning: Hyper reference `fig:superellipsoid_primitives' on page 2 undefi
ned on input line 117.


LaTeX Warning: Reference `sub@fig:superellipsoid_primitives' on page 2 undefine
d on input line 117.


LaTeX Warning: Reference `user_interface_of_primitive_deformer' on page 2 undef
ined on input line 117.

[2]

LaTeX Warning: Reference `fig:deformer_UI' on page 3 undefined on input line 12
1.


LaTeX Warning: Reference `algorithm_of_primitive_deformer' on page 3 undefined 
on input line 121.

<./figure/deformer_UI.jpg, id=29, 983.17313pt x 745.78625pt>
File: ./figure/deformer_UI.jpg Graphic file (type jpg)

<use ./figure/deformer_UI.jpg>
Package pdftex.def Info: ./figure/deformer_UI.jpg used on input line 124.
(pdftex.def)             Requested size: 237.13594pt x 179.87997pt.

Underfull \vbox (badness 8038) has occurred while \output is active []



LaTeX Warning: Reference `fig:torso' on page 3 undefined on input line 129.

<./figure/torso_primitive.jpg, id=30, 455.7025pt x 436.63126pt>
File: ./figure/torso_primitive.jpg Graphic file (type jpg)

<use ./figure/torso_primitive.jpg>
Package pdftex.def Info: ./figure/torso_primitive.jpg used on input line 134.
(pdftex.def)             Requested size: 60.33508pt x 57.81621pt.

<./figure/torso_after_deformed.jpg, id=31, 455.7025pt x 436.63126pt>
File: ./figure/torso_after_deformed.jpg Graphic file (type jpg)

<use ./figure/torso_after_deformed.jpg>
Package pdftex.def Info: ./figure/torso_after_deformed.jpg used on input line 1
38.
(pdftex.def)             Requested size: 60.33508pt x 57.81621pt.


LaTeX Warning: Reference `fig:torso' on page 3 undefined on input line 143.


LaTeX Warning: Hyper reference `fig:torso_cylinder' on page 3 undefined on inpu
t line 143.


LaTeX Warning: Reference `sub@fig:torso_cylinder' on page 3 undefined on input 
line 143.


LaTeX Warning: Reference `fig:torso' on page 3 undefined on input line 143.


LaTeX Warning: Hyper reference `fig:torso_finish' on page 3 undefined on input 
line 143.


LaTeX Warning: Reference `sub@fig:torso_finish' on page 3 undefined on input li
ne 143.


LaTeX Warning: Citation `botsch2008linear' on page 3 undefined on input line 14
4.


LaTeX Warning: Citation `do2017differential' on page 3 undefined on input line 
144.


LaTeX Warning: Citation `terzopoulos1987elastically' on page 3 undefined on inp
ut line 144.


Underfull \hbox (badness 1028) in paragraph at lines 129--145
\OT1/ptm/m/n/10 the al-go-rithm of our pro-posed prim-i-tive de-former and
 []


Underfull \hbox (badness 10000) in paragraph at lines 129--145
\OT1/ptm/m/n/10 con-sid-ers lo-cally stretch-ing for solid ob-jects plus
 []


Underfull \hbox (badness 4024) in paragraph at lines 129--145
\OT1/ptm/m/n/10 bend-ing for two-manifold sur-faces called thin-shells.
 []


Underfull \hbox (badness 10000) in paragraph at lines 129--145

 []

[3 <./figure/female_warrior_original_sketch.jpg> <./figure/female_warrior_extra
ct_contour.jpg> <./figure/primitives_before_deformation.jpg> <./figure/primitiv
es_after_deformation_without_blending.jpg> <./figure/primitives_after_deformati
on_and_lattice.jpg> <./figure/final_shot.jpg> <./figure/deformer_UI.jpg>]
Underfull \hbox (badness 10000) in paragraph at lines 147--150

 []


Underfull \vbox (badness 6412) has occurred while \output is active []


Underfull \hbox (badness 10000) in paragraph at lines 155--158

 []


LaTeX Warning: Reference `fig:leg' on page 4 undefined on input line 170.


LaTeX Warning: Hyper reference `fig:leg_cylinder' on page 4 undefined on input 
line 170.


LaTeX Warning: Reference `sub@fig:leg_cylinder' on page 4 undefined on input li
ne 170.


LaTeX Warning: Reference `lagrange' on page 4 undefined on input line 170.


LaTeX Warning: Reference `lagrange' on page 4 undefined on input line 170.


LaTeX Warning: Reference `lagrange' on page 4 undefined on input line 170.


LaTeX Warning: Reference `lagrange' on page 4 undefined on input line 170.


LaTeX Warning: Citation `chaudhry2013shape' on page 4 undefined on input line 1
75.


LaTeX Warning: Citation `chaudhry2015dynamic' on page 4 undefined on input line
 175.


LaTeX Warning: Reference `laplacianoperator' on page 4 undefined on input line 
175.

<./figure/FDM.png, id=41, 326.1786pt x 73.7154pt>
File: ./figure/FDM.png Graphic file (type png)
 <use ./figure/FDM.png>
Package pdftex.def Info: ./figure/FDM.png used on input line 178.
(pdftex.def)             Requested size: 189.70947pt x 42.87418pt.


LaTeX Warning: Reference `fig:fdm' on page 4 undefined on input line 183.


LaTeX Warning: Citation `chaudhry2013shape' on page 4 undefined on input line 1
83.


LaTeX Warning: Reference `FDM' on page 4 undefined on input line 191.


LaTeX Warning: Reference `ODE' on page 4 undefined on input line 191.

[4 <./figure/torso_primitive.jpg> <./figure/torso_after_deformed.jpg> <./figure
/FDM.png>]

LaTeX Warning: Reference `fig:FDMnode' on page 5 undefined on input line 199.


LaTeX Warning: Hyper reference `fig:fdmnode_top' on page 5 undefined on input l
ine 199.


LaTeX Warning: Reference `sub@fig:fdmnode_top' on page 5 undefined on input lin
e 199.


LaTeX Warning: Reference `fig:FDMnode' on page 5 undefined on input line 199.


LaTeX Warning: Hyper reference `fig:fdmnode_top' on page 5 undefined on input l
ine 199.


LaTeX Warning: Reference `sub@fig:fdmnode_top' on page 5 undefined on input lin
e 199.


LaTeX Warning: Reference `fig:FDMnode' on page 5 undefined on input line 199.


LaTeX Warning: Hyper reference `fig:fdmnode_top' on page 5 undefined on input l
ine 199.


LaTeX Warning: Reference `sub@fig:fdmnode_top' on page 5 undefined on input lin
e 199.


LaTeX Warning: Reference `fig:FDMnode' on page 5 undefined on input line 199.


LaTeX Warning: Hyper reference `fig:fdmnode_side' on page 5 undefined on input 
line 199.


LaTeX Warning: Reference `sub@fig:fdmnode_side' on page 5 undefined on input li
ne 199.


LaTeX Warning: Reference `fig:FDMnode' on page 5 undefined on input line 199.

<./figure/fdmnode_a.png, id=65, 349.7868pt x 331.9602pt>
File: ./figure/fdmnode_a.png Graphic file (type png)

<use ./figure/fdmnode_a.png>
Package pdftex.def Info: ./figure/fdmnode_a.png used on input line 204.
(pdftex.def)             Requested size: 96.03874pt x 91.14497pt.

<./figure/fdmnode_b.png, id=66, 312.6882pt x 291.9708pt>
File: ./figure/fdmnode_b.png Graphic file (type png)

<use ./figure/fdmnode_b.png>
Package pdftex.def Info: ./figure/fdmnode_b.png used on input line 209.
(pdftex.def)             Requested size: 96.03874pt x 89.6769pt.


LaTeX Warning: Reference `fig:FDMnode' on page 5 undefined on input line 221.


LaTeX Warning: Reference `odefdm' on page 5 undefined on input line 222.


LaTeX Warning: Reference `odefdm' on page 5 undefined on input line 223.


LaTeX Warning: Reference `odefdm' on page 5 undefined on input line 224.


LaTeX Warning: Reference `fig:FDMnode' on page 5 undefined on input line 224.


LaTeX Warning: Hyper reference `fig:fdmnode_top' on page 5 undefined on input l
ine 224.


LaTeX Warning: Reference `sub@fig:fdmnode_top' on page 5 undefined on input lin
e 224.


LaTeX Warning: Reference `fig:system_overview' on page 5 undefined on input lin
e 226.


LaTeX Warning: Hyper reference `fig:superellipsoid_primitives' on page 5 undefi
ned on input line 226.


LaTeX Warning: Reference `sub@fig:superellipsoid_primitives' on page 5 undefine
d on input line 226.


LaTeX Warning: Reference `fig:system_overview' on page 5 undefined on input lin
e 226.


LaTeX Warning: Hyper reference `fig:primitives_after_deformation' on page 5 und
efined on input line 226.


LaTeX Warning: Reference `sub@fig:primitives_after_deformation' on page 5 undef
ined on input line 226.


Underfull \hbox (badness 10000) in paragraph at lines 198--227

 []


LaTeX Warning: Reference `user_interface_of_detail_generator' on page 5 undefin
ed on input line 228.


LaTeX Warning: Reference `local_shape_creator' on page 5 undefined on input lin
e 228.

<./figure/detail_UI.jpg, id=67, 1010.77625pt x 766.865pt>
File: ./figure/detail_UI.jpg Graphic file (type jpg)

<use ./figure/detail_UI.jpg>
Package pdftex.def Info: ./figure/detail_UI.jpg used on input line 234.
(pdftex.def)             Requested size: 237.13594pt x 179.90906pt.


LaTeX Warning: Reference `fig:detail_UI' on page 5 undefined on input line 239.



LaTeX Warning: Reference `fig:detail_UI' on page 5 undefined on input line 239.



LaTeX Warning: Reference `fig:detail_UI' on page 5 undefined on input line 239.



LaTeX Warning: Reference `fig:detail_UI' on page 5 undefined on input line 239.



LaTeX Warning: `h' float specifier changed to `ht'.

[5 <./figure/fdmnode_a.png> <./figure/fdmnode_b.png>]

LaTeX Warning: Reference `algorithm_of_primitive_deformer' on page 6 undefined 
on input line 242.


LaTeX Warning: Reference `fig:2open' on page 6 undefined on input line 244.

<./figure/2opens_a.jpg, id=79, 466.74374pt x 344.28625pt>
File: ./figure/2opens_a.jpg Graphic file (type jpg)

<use ./figure/2opens_a.jpg>
Package pdftex.def Info: ./figure/2opens_a.jpg used on input line 249.
(pdftex.def)             Requested size: 106.71045pt x 78.71136pt.

<./figure/2opens_b.jpg, id=80, 467.7475pt x 319.1925pt>
File: ./figure/2opens_b.jpg Graphic file (type jpg)

<use ./figure/2opens_b.jpg>
Package pdftex.def Info: ./figure/2opens_b.jpg used on input line 254.
(pdftex.def)             Requested size: 96.03874pt x 65.53716pt.


LaTeX Warning: Reference `fig:2open' on page 6 undefined on input line 261.


LaTeX Warning: Hyper reference `fig:2opens_top' on page 6 undefined on input li
ne 261.


LaTeX Warning: Reference `sub@fig:2opens_top' on page 6 undefined on input line
 261.


LaTeX Warning: Reference `fig:2open' on page 6 undefined on input line 261.


LaTeX Warning: Reference `fig:2open' on page 6 undefined on input line 261.


LaTeX Warning: Reference `odefdm' on page 6 undefined on input line 262.


LaTeX Warning: Reference `odefdm' on page 6 undefined on input line 263.

<./figure/headcontourfront.png, id=81, 339.2675pt x 381.425pt>
File: ./figure/headcontourfront.png Graphic file (type png)

<use ./figure/headcontourfront.png>
Package pdftex.def Info: ./figure/headcontourfront.png used on input line 269.
(pdftex.def)             Requested size: 57.85071pt x 65.04256pt.

Overfull \hbox (0.93678pt too wide) in paragraph at lines 269--269
[][] 
 []

<./figure/headcontourside.png, id=82, 319.1925pt x 371.3875pt>
File: ./figure/headcontourside.png Graphic file (type png)

<use ./figure/headcontourside.png>
Package pdftex.def Info: ./figure/headcontourside.png used on input line 272.
(pdftex.def)             Requested size: 55.89848pt x 65.04256pt.

<./figure/head_cross_section.png, id=83, 182.18062pt x 218.31563pt>
File: ./figure/head_cross_section.png Graphic file (type png)

<use ./figure/head_cross_section.png>
Package pdftex.def Info: ./figure/head_cross_section.png used on input line 275
.
(pdftex.def)             Requested size: 54.27654pt x 65.04256pt.

<./figure/head_final.png, id=84, 186.6975pt x 219.82124pt>
File: ./figure/head_final.png Graphic file (type png)

<use ./figure/head_final.png>
Package pdftex.def Info: ./figure/head_final.png used on input line 278.
(pdftex.def)             Requested size: 55.24051pt x 65.04256pt.


LaTeX Warning: Reference `fig:head' on page 6 undefined on input line 283.


LaTeX Warning: Reference `fig:head' on page 6 undefined on input line 283.


LaTeX Warning: Hyper reference `fig:head_contour_front' on page 6 undefined on 
input line 283.


LaTeX Warning: Reference `sub@fig:head_contour_front' on page 6 undefined on in
put line 283.


LaTeX Warning: Reference `fig:head' on page 6 undefined on input line 283.


LaTeX Warning: Hyper reference `fig:head_contour_side' on page 6 undefined on i
nput line 283.


LaTeX Warning: Reference `sub@fig:head_contour_side' on page 6 undefined on inp
ut line 283.


LaTeX Warning: Reference `fig:head' on page 6 undefined on input line 283.


LaTeX Warning: Hyper reference `fig:head_cross_section' on page 6 undefined on 
input line 283.


LaTeX Warning: Reference `sub@fig:head_cross_section' on page 6 undefined on in
put line 283.


LaTeX Warning: Reference `fig:head' on page 6 undefined on input line 283.


LaTeX Warning: Hyper reference `fig:head_mesh' on page 6 undefined on input lin
e 283.


LaTeX Warning: Reference `sub@fig:head_mesh' on page 6 undefined on input line 
283.


LaTeX Warning: Reference `fig:male_leg' on page 6 undefined on input line 284.


LaTeX Warning: Hyper reference `fig:leg_contour_front' on page 6 undefined on i
nput line 284.


LaTeX Warning: Reference `sub@fig:leg_contour_front' on page 6 undefined on inp
ut line 284.


LaTeX Warning: Reference `fig:male_leg' on page 6 undefined on input line 284.


LaTeX Warning: Hyper reference `fig:leg_contour_side' on page 6 undefined on in
put line 284.


LaTeX Warning: Reference `sub@fig:leg_contour_side' on page 6 undefined on inpu
t line 284.


LaTeX Warning: Reference `fig:male_leg' on page 6 undefined on input line 284.


LaTeX Warning: Hyper reference `fig:leg_mesh_front' on page 6 undefined on inpu
t line 284.


LaTeX Warning: Reference `sub@fig:leg_mesh_front' on page 6 undefined on input 
line 284.


LaTeX Warning: Reference `fig:male_leg' on page 6 undefined on input line 284.


LaTeX Warning: Hyper reference `fig:leg_mesh_side' on page 6 undefined on input
 line 284.


LaTeX Warning: Reference `sub@fig:leg_mesh_side' on page 6 undefined on input l
ine 284.


LaTeX Warning: Reference `fig:male_leg' on page 6 undefined on input line 284.


LaTeX Warning: Reference `fig:male_leg' on page 6 undefined on input line 284.


LaTeX Warning: Hyper reference `fig:neck_contour' on page 6 undefined on input 
line 284.


LaTeX Warning: Reference `sub@fig:neck_contour' on page 6 undefined on input li
ne 284.


LaTeX Warning: Reference `fig:male_leg' on page 6 undefined on input line 284.


LaTeX Warning: Hyper reference `fig:neck_cross_section' on page 6 undefined on 
input line 284.


LaTeX Warning: Reference `sub@fig:neck_cross_section' on page 6 undefined on in
put line 284.


LaTeX Warning: Reference `fig:male_leg' on page 6 undefined on input line 284.


LaTeX Warning: Hyper reference `fig:neck_mesh' on page 6 undefined on input lin
e 284.


LaTeX Warning: Reference `sub@fig:neck_mesh' on page 6 undefined on input line 
284.

<./figure/legcontourfront.png, id=85, 160.6pt x 441.65pt>
File: ./figure/legcontourfront.png Graphic file (type png)

<use ./figure/legcontourfront.png>
Package pdftex.def Info: ./figure/legcontourfront.png used on input line 288.
(pdftex.def)             Requested size: 49.93251pt x 137.31255pt.

<./figure/legcontourside.png, id=86, 141.52875pt x 400.49625pt>
File: ./figure/legcontourside.png Graphic file (type png)

<use ./figure/legcontourside.png>
Package pdftex.def Info: ./figure/legcontourside.png used on input line 291.
(pdftex.def)             Requested size: 48.52513pt x 137.31255pt.

<./figure/legfront.png, id=87, 168.63pt x 441.65pt>
File: ./figure/legfront.png Graphic file (type png)

<use ./figure/legfront.png>
Package pdftex.def Info: ./figure/legfront.png used on input line 294.
(pdftex.def)             Requested size: 52.42914pt x 137.31255pt.

<./figure/legside.png, id=88, 182.6825pt x 363.3575pt>
File: ./figure/legside.png Graphic file (type png)

<use ./figure/legside.png>
Package pdftex.def Info: ./figure/legside.png used on input line 297.
(pdftex.def)             Requested size: 69.03539pt x 137.31255pt.

Overfull \hbox (12.12146pt too wide) in paragraph at lines 297--297
[][] 
 []

<./figure/neck_contour.png, id=89, 232.87pt x 140.525pt>
File: ./figure/neck_contour.png Graphic file (type png)

<use ./figure/neck_contour.png>
Package pdftex.def Info: ./figure/neck_contour.png used on input line 301.
(pdftex.def)             Requested size: 83.83313pt x 50.58878pt.

Overfull \hbox (7.9479pt too wide) in paragraph at lines 301--301
 [][] 
 []

<./figure/neck_cross_section.png, id=90, 232.87pt x 140.525pt>
File: ./figure/neck_cross_section.png Graphic file (type png)

<use ./figure/neck_cross_section.png>
Package pdftex.def Info: ./figure/neck_cross_section.png used on input line 305
.
(pdftex.def)             Requested size: 83.83313pt x 50.58878pt.

Overfull \hbox (7.9479pt too wide) in paragraph at lines 305--305
 [][] 
 []

<./figure/neck_mesh.png, id=91, 232.87pt x 140.525pt>
File: ./figure/neck_mesh.png Graphic file (type png)

<use ./figure/neck_mesh.png>
Package pdftex.def Info: ./figure/neck_mesh.png used on input line 309.
(pdftex.def)             Requested size: 83.83313pt x 50.58878pt.

Overfull \hbox (7.9479pt too wide) in paragraph at lines 309--309
 [][] 
 []


Underfull \hbox (badness 1184) in paragraph at lines 244--337
\OT1/ptm/m/n/10 lo-cal shape cre-ation from four dis-con-nected sil-hou-ette
 []


Underfull \hbox (badness 10000) in paragraph at lines 244--337

 []

[6 <./figure/detail_UI.jpg> <./figure/2opens_a.jpg> <./figure/2opens_b.jpg>]

LaTeX Warning: Reference `fig:1open1close' on page 7 undefined on input line 33
8.

<./figure/1open1close.jpeg, id=101, 666.49pt x 447.6725pt>
File: ./figure/1open1close.jpeg Graphic file (type jpg)

<use ./figure/1open1close.jpeg>
Package pdftex.def Info: ./figure/1open1close.jpeg used on input line 346.
(pdftex.def)             Requested size: 165.99443pt x 111.49432pt.

Underfull \hbox (badness 1132) in paragraph at lines 338--352
\OT1/ptm/m/n/10 closed sil-hou-ette con-tours in two dif-fer-ent view plans
 []


Underfull \hbox (badness 10000) in paragraph at lines 338--352

 []


Underfull \vbox (badness 3417) has occurred while \output is active []

 [7 <./figure/headcontourfront.png> <./figure/headcontourside.png> <./figure/he
ad_cross_section.png> <./figure/head_final.png> <./figure/legcontourfront.png> 
<./figure/legcontourside.png> <./figure/legfront.png> <./figure/legside.png> <.
/figure/neck_contour.png> <./figure/neck_cross_section.png> <./figure/neck_mesh
.png>]

LaTeX Warning: Reference `odefdm' on page 8 undefined on input line 365.


LaTeX Warning: Reference `odefdm' on page 8 undefined on input line 366.


LaTeX Warning: Reference `fig:shoulder_armor' on page 8 undefined on input line
 368.


LaTeX Warning: Hyper reference `shoulder_armor_top' on page 8 undefined on inpu
t line 368.


LaTeX Warning: Reference `sub@shoulder_armor_top' on page 8 undefined on input 
line 368.

<./figure/shoulder_armor_front.png, id=121, 128.98187pt x 156.08313pt>
File: ./figure/shoulder_armor_front.png Graphic file (type png)

<use ./figure/shoulder_armor_front.png>
Package pdftex.def Info: ./figure/shoulder_armor_front.png used on input line 3
73.
(pdftex.def)             Requested size: 41.80446pt x 50.58878pt.

<./figure/shoulder_armor_top.png, id=122, 128.98187pt x 156.08313pt>
File: ./figure/shoulder_armor_top.png Graphic file (type png)

<use ./figure/shoulder_armor_top.png>
Package pdftex.def Info: ./figure/shoulder_armor_top.png used on input line 377
.
(pdftex.def)             Requested size: 41.80446pt x 50.58878pt.

<./figure/shoulder_armor_side.png, id=123, 128.98187pt x 156.08313pt>
File: ./figure/shoulder_armor_side.png Graphic file (type png)

<use ./figure/shoulder_armor_side.png>
Package pdftex.def Info: ./figure/shoulder_armor_side.png used on input line 38
1.
(pdftex.def)             Requested size: 41.80446pt x 50.58878pt.

<./figure/shoulder_armor_persp.png, id=124, 128.98187pt x 156.08313pt>
File: ./figure/shoulder_armor_persp.png Graphic file (type png)

<use ./figure/shoulder_armor_persp.png>
Package pdftex.def Info: ./figure/shoulder_armor_persp.png used on input line 3
85.
(pdftex.def)             Requested size: 41.80446pt x 50.58878pt.


LaTeX Warning: Reference `algorithm_2_opens' on page 8 undefined on input line 
392.


LaTeX Warning: Reference `algorithm_1_open_1_closed' on page 8 undefined on inp
ut line 392.


LaTeX Warning: Reference `fig:2open1close' on page 8 undefined on input line 39
3.

<./figure/2open1close.jpg, id=125, 595.22375pt x 447.6725pt>
File: ./figure/2open1close.jpg Graphic file (type jpg)

<use ./figure/2open1close.jpg>
Package pdftex.def Info: ./figure/2open1close.jpg used on input line 396.
(pdftex.def)             Requested size: 165.99443pt x 124.84195pt.


LaTeX Warning: Reference `ODE' on page 8 undefined on input line 402.


Underfull \vbox (badness 3219) has occurred while \output is active []


Underfull \vbox (badness 4168) has occurred while \output is active []

 [8 <./figure/1open1close.jpeg> <./figure/shoulder_armor_front.png> <./figure/s
houlder_armor_top.png> <./figure/shoulder_armor_side.png> <./figure/shoulder_ar
mor_persp.png> <./figure/2open1close.jpg>]
Underfull \hbox (badness 10000) in paragraph at lines 406--408

 []


Underfull \hbox (badness 10000) in paragraph at lines 414--418

 []


Underfull \hbox (badness 4060) in paragraph at lines 426--430
\OT1/ptm/m/n/10 from these equa-tions,. We de-note these sculpt-ing
 []


Underfull \hbox (badness 1158) in paragraph at lines 426--430
\OT1/ptm/m/n/10 the same method, we can ob-tain the sculpt-ing forces
 []


Underfull \hbox (badness 10000) in paragraph at lines 426--430

 []


Underfull \hbox (badness 10000) in paragraph at lines 434--437

 []


LaTeX Warning: Reference `ODEwithforce' on page 9 undefined on input line 444.


LaTeX Warning: Reference `forceinterpolate' on page 9 undefined on input line 4
44.


LaTeX Warning: Reference `fig:2open1close' on page 9 undefined on input line 44
6.

<./figure/mouth_contour_front.png, id=140, 279.54437pt x 184.69pt>
File: ./figure/mouth_contour_front.png Graphic file (type png)

<use ./figure/mouth_contour_front.png>
Package pdftex.def Info: ./figure/mouth_contour_front.png used on input line 45
0.
(pdftex.def)             Requested size: 54.6922pt x 36.135pt.

<./figure/mouth_contour_side.png, id=141, 164.615pt x 126.4725pt>
File: ./figure/mouth_contour_side.png Graphic file (type png)

<use ./figure/mouth_contour_side.png>
Package pdftex.def Info: ./figure/mouth_contour_side.png used on input line 451
.
(pdftex.def)             Requested size: 47.03381pt x 36.135pt.

<./figure/mouth_contour.png, id=142, 197.23688pt x 138.01563pt>
File: ./figure/mouth_contour.png Graphic file (type png)

<use ./figure/mouth_contour.png>
Package pdftex.def Info: ./figure/mouth_contour.png used on input line 452.
(pdftex.def)             Requested size: 51.6385pt x 36.135pt.


LaTeX Warning: Reference `fig:mouth' on page 9 undefined on input line 456.


LaTeX Warning: Hyper reference `fig:mouth_contour_front' on page 9 undefined on
 input line 456.


LaTeX Warning: Reference `sub@fig:mouth_contour_front' on page 9 undefined on i
nput line 456.


LaTeX Warning: Reference `fig:mouth' on page 9 undefined on input line 456.


LaTeX Warning: Hyper reference `fig:mouth_contour_front' on page 9 undefined on
 input line 456.


LaTeX Warning: Reference `sub@fig:mouth_contour_front' on page 9 undefined on i
nput line 456.


LaTeX Warning: Reference `fig:mouth' on page 9 undefined on input line 456.


LaTeX Warning: Hyper reference `fig:mouth_persp' on page 9 undefined on input l
ine 456.


LaTeX Warning: Reference `sub@fig:mouth_persp' on page 9 undefined on input lin
e 456.

<./figure/4open2close.jpg, id=143, 595.22375pt x 447.6725pt>
File: ./figure/4open2close.jpg Graphic file (type jpg)

<use ./figure/4open2close.jpg>
Package pdftex.def Info: ./figure/4open2close.jpg used on input line 459.
(pdftex.def)             Requested size: 165.99443pt x 124.84195pt.


LaTeX Warning: Reference `fig:4opens2closesdescribe' on page 9 undefined on inp
ut line 463.


LaTeX Warning: Reference `fig:4opens2closed' on page 9 undefined on input line 
463.


LaTeX Warning: Hyper reference `fig:vest' on page 9 undefined on input line 463
.


LaTeX Warning: Reference `sub@fig:vest' on page 9 undefined on input line 463.


LaTeX Warning: Reference `fig:4opens2closed' on page 9 undefined on input line 
463.


LaTeX Warning: Hyper reference `fig:eye' on page 9 undefined on input line 463.



LaTeX Warning: Reference `sub@fig:eye' on page 9 undefined on input line 463.

<./figure/uppertorso.png, id=144, 356.33125pt x 429.605pt>
File: ./figure/uppertorso.png Graphic file (type png)

<use ./figure/uppertorso.png>
Package pdftex.def Info: ./figure/uppertorso.png used on input line 466.
(pdftex.def)             Requested size: 53.2027pt x 64.14352pt.

<./figure/eye.png, id=145, 804.00375pt x 634.37pt>
File: ./figure/eye.png Graphic file (type png)
 <use ./figure/eye.png>
Package pdftex.def Info: ./figure/eye.png used on input line 467.
(pdftex.def)             Requested size: 81.28838pt x 64.14352pt.


LaTeX Warning: `!h' float specifier changed to `!ht'.


LaTeX Warning: `!h' float specifier changed to `!ht'.

[9]

LaTeX Warning: Reference `fig:4-sidedopensalgorithm' on page 10 undefined on in
put line 473.


LaTeX Warning: Citation `zhang2016geometric' on page 10 undefined on input line
 473.

<./figure/patch.jpg, id=155, 595.22375pt x 447.6725pt>
File: ./figure/patch.jpg Graphic file (type jpg)

<use ./figure/patch.jpg>
Package pdftex.def Info: ./figure/patch.jpg used on input line 476.
(pdftex.def)             Requested size: 165.99443pt x 124.84195pt.


LaTeX Warning: Reference `fig:4sidedopensalgorithm' on page 10 undefined on inp
ut line 480.


LaTeX Warning: Reference `algorithm_2_opens_1_close' on page 10 undefined on in
put line 481.


LaTeX Warning: Reference `algorithm_2_opens_1_close' on page 10 undefined on in
put line 482.


LaTeX Warning: Reference `algorithm_1_open_1_closed' on page 10 undefined on in
put line 482.

[10 <./figure/mouth_contour_front.png> <./figure/mouth_contour_side.png> <./fig
ure/mouth_contour.png> <./figure/4open2close.jpg> <./figure/uppertorso.png> <./
figure/eye.png> <./figure/patch.jpg>]

LaTeX Warning: Reference `T_51' on page 11 undefined on input line 487.


Underfull \hbox (badness 10000) in paragraph at lines 486--488

 []


LaTeX Warning: Reference `algorithm_2_opens_1_close' on page 11 undefined on in
put line 492.


LaTeX Warning: Reference `2endsdelta_and tangent' on page 11 undefined on input
 line 492.


Underfull \hbox (badness 10000) in paragraph at lines 491--493

 []


LaTeX Warning: Reference `algorithm_2_opens_1_close' on page 11 undefined on in
put line 500.


LaTeX Warning: Reference `algorithm_2_opens_1_close' on page 11 undefined on in
put line 500.


LaTeX Warning: Reference `fig:arm_armor' on page 11 undefined on input line 501
.

<./figure/arm_armor_curve.png, id=170, 371.3875pt x 722.7pt>
File: ./figure/arm_armor_curve.png Graphic file (type png)

<use ./figure/arm_armor_curve.png>
Package pdftex.def Info: ./figure/arm_armor_curve.png used on input line 505.
(pdftex.def)             Requested size: 65.91748pt x 128.27728pt.

<./figure/arm_armor.png, id=171, 386.44376pt x 722.7pt>
File: ./figure/arm_armor.png Graphic file (type png)

<use ./figure/arm_armor.png>
Package pdftex.def Info: ./figure/arm_armor.png used on input line 506.
(pdftex.def)             Requested size: 68.58981pt x 128.27728pt.

Underfull \hbox (badness 10000) in paragraph at lines 499--515
\OT1/ptm/m/n/10 Also, we need to cal-cu-late the sculpt-ing forces
 []


Underfull \hbox (badness 3009) in paragraph at lines 499--515
\OT1/ptm/m/n/10 for all the nodes on the curve $[]$ and $[]$, de-not-
 []


Underfull \hbox (badness 2486) in paragraph at lines 499--515
\OT1/ptm/m/n/10 ing as $[]$$\OT1/cmr/m/n/10 (\OML/cmm/m/it/10 i \OT1/cmr/m/n/10
 = 2\OML/cmm/m/it/10 ; \OT1/cmr/m/n/10 3\OML/cmm/m/it/10 ; [] ; N \OMS/cmsy/m/n
/10 ^^@ \OT1/cmr/m/n/10 2\OML/cmm/m/it/10 ; N \OMS/cmsy/m/n/10 ^^@ \OT1/cmr/m/n
/10 1)$ \OT1/ptm/m/n/10 and
 []


Underfull \hbox (badness 10000) in paragraph at lines 499--515

 []


LaTeX Warning: `!h' float specifier changed to `!ht'.


LaTeX Warning: Citation `you2014blending' on page 11 undefined on input line 51
7.


LaTeX Warning: Reference `fig:blend' on page 11 undefined on input line 517.

<./figure/detach.png, id=172, 215.80624pt x 302.12875pt>
File: ./figure/detach.png Graphic file (type png)

<use ./figure/detach.png>
Package pdftex.def Info: ./figure/detach.png used on input line 520.
(pdftex.def)             Requested size: 94.85292pt x 132.79414pt.

<./figure/attached.png, id=173, 232.87pt x 327.2225pt>
File: ./figure/attached.png Graphic file (type png)

<use ./figure/attached.png>
Package pdftex.def Info: ./figure/attached.png used on input line 521.
(pdftex.def)             Requested size: 94.85292pt x 133.28331pt.


LaTeX Warning: Reference `fig:system_overview' on page 11 undefined on input li
ne 525.


LaTeX Warning: Hyper reference `fig:primitives_after_deformation' on page 11 un
defined on input line 525.


LaTeX Warning: Reference `sub@fig:primitives_after_deformation' on page 11 unde
fined on input line 525.


LaTeX Warning: Reference `fig:system_overview' on page 11 undefined on input li
ne 525.


LaTeX Warning: Hyper reference `fig:blending_body_parts' on page 11 undefined o
n input line 525.


LaTeX Warning: Reference `sub@fig:blending_body_parts' on page 11 undefined on 
input line 525.


Underfull \hbox (badness 10000) in paragraph at lines 517--527

 []

LaTeX Font Info:    Try loading font information for OMS+ptm on input line 530.

(/usr/local/texlive/2017/texmf-dist/tex/latex/psnfss/omsptm.fd
File: omsptm.fd 
)
LaTeX Font Info:    Font shape `OMS/ptm/m/n' in size <10> not available
(Font)              Font shape `OMS/cmsy/m/n' tried instead on input line 530.


LaTeX Warning: Reference `fig:face' on page 11 undefined on input line 532.


LaTeX Warning: Hyper reference `fig:face_sketch' on page 11 undefined on input 
line 532.


LaTeX Warning: Reference `sub@fig:face_sketch' on page 11 undefined on input li
ne 532.


LaTeX Warning: Reference `fig:face' on page 11 undefined on input line 532.


LaTeX Warning: Hyper reference `fig:face_tradition' on page 11 undefined on inp
ut line 532.


LaTeX Warning: Reference `sub@fig:face_tradition' on page 11 undefined on input
 line 532.


LaTeX Warning: Reference `fig:face' on page 11 undefined on input line 532.


LaTeX Warning: Hyper reference `fig:face_skm' on page 11 undefined on input lin
e 532.


LaTeX Warning: Reference `sub@fig:face_skm' on page 11 undefined on input line 
532.

[11 <./figure/arm_armor_curve.png> <./figure/arm_armor.png> <./figure/detach.pn
g> <./figure/attached.png>]
<./figure/facesketch.jpg, id=190, 85.7604pt x 121.8954pt>
File: ./figure/facesketch.jpg Graphic file (type jpg)

<use ./figure/facesketch.jpg>
Package pdftex.def Info: ./figure/facesketch.jpg used on input line 536.
(pdftex.def)             Requested size: 94.85292pt x 134.82188pt.

./cvmpaper_for_review.tex:536: Missing $ inserted.
<inserted text> 
                $
l.536 ...=0.4\linewidth]{./figure/facesketch.jpg}}
                                                  
? 
./cvmpaper_for_review.tex:536: Emergency stop.
<inserted text> 
                $
l.536 ...=0.4\linewidth]{./figure/facesketch.jpg}}
                                                  
End of file on the terminal!

 
Here is how much of TeX's memory you used:
 8571 strings out of 492995
 132583 string characters out of 6132703
 236372 words of memory out of 5000000
 11900 multiletter control sequences out of 15000+600000
 23585 words of font info for 57 fonts, out of 8000000 for 9000
 1141 hyphenation exceptions out of 8191
 42i,17n,46p,1757b,552s stack positions out of 5000i,500n,10000p,200000b,80000s
./cvmpaper_for_review.tex:536:  ==> Fatal error occurred, no output PDF file pr
oduced!
